<?xml version="1.0" encoding="UTF-8"?>
<testng-results ignored="0" total="1" passed="1" failed="0" skipped="0">
  <reporter-output>
  </reporter-output>
  <suite started-at="2020-05-29T20:05:17 GMT-04:00" name="Default suite" finished-at="2020-05-29T20:05:23 GMT-04:00" duration-ms="6346">
    <groups>
    </groups>
    <test started-at="2020-05-29T20:05:17 GMT-04:00" name="Default test" finished-at="2020-05-29T20:05:23 GMT-04:00" duration-ms="6346">
      <class name="TestCases.Final_Browser">
        <test-method signature="finalBrowserTesting()[pri:0, instance:TestCases.Final_Browser@40cb698e]" started-at="2020-05-29T20:05:17 GMT-04:00" name="finalBrowserTesting" finished-at="2020-05-29T20:05:23 GMT-04:00" duration-ms="6318" status="PASS">
          <reporter-output>
          </reporter-output>
        </test-method> <!-- finalBrowserTesting -->
      </class> <!-- TestCases.Final_Browser -->
    </test> <!-- Default test -->
  </suite> <!-- Default suite -->
</testng-results>
